# JRE version: Java(TM) SE Runtime Environment (8.0_77-b03) (build 1.8.0_77-b03)
# Java VM: Java HotSpot(TM) 64-Bit Server VM (25.77-b03 mixed mode windows-amd64 compressed oops)
Heap:
 PSYoungGen      total 38400K, used 36920K [0x00000000eab00000, 0x00000000ef300000, 0x0000000100000000)
  eden space 33280K, 95% used [0x00000000eab00000,0x00000000eca0fe80,0x00000000ecb80000)
  from space 5120K, 99% used [0x00000000ed080000,0x00000000ed57e1a0,0x00000000ed580000)
  to   space 5120K, 0% used [0x00000000ecb80000,0x00000000ecb80000,0x00000000ed080000)
 ParOldGen       total 34816K, used 2755K [0x00000000c0000000, 0x00000000c2200000, 0x00000000eab00000)
  object space 34816K, 7% used [0x00000000c0000000,0x00000000c02b0c60,0x00000000c2200000)
 Metaspace       used 6273K, capacity 7094K, committed 7296K, reserved 1060864K
  class space    used 608K, capacity 622K, committed 640K, reserved 1048576K
GC Heap History (6 events):
Event: 2.721 GC heap before
{Heap before GC invocations=1 (full 0):
 PSYoungGen      total 38400K, used 8657K [0x00000000eab00000, 0x00000000ed580000, 0x0000000100000000)
  eden space 33280K, 26% used [0x00000000eab00000,0x00000000eb3746f8,0x00000000ecb80000)
  from space 5120K, 0% used [0x00000000ed080000,0x00000000ed080000,0x00000000ed580000)
  to   space 5120K, 0% used [0x00000000ecb80000,0x00000000ecb80000,0x00000000ed080000)
 ParOldGen       total 87552K, used 0K [0x00000000c0000000, 0x00000000c5580000, 0x00000000eab00000)
  object space 87552K, 0% used [0x00000000c0000000,0x00000000c0000000,0x00000000c5580000)
 Metaspace       used 3624K, capacity 4720K, committed 4864K, reserved 1060864K
  class space    used 393K, capacity 424K, committed 512K, reserved 1048576K
Event: 2.728 GC heap after
Heap after GC invocations=1 (full 0):
 PSYoungGen      total 38400K, used 1232K [0x00000000eab00000, 0x00000000ed580000, 0x0000000100000000)
  eden space 33280K, 0% used [0x00000000eab00000,0x00000000eab00000,0x00000000ecb80000)
  from space 5120K, 24% used [0x00000000ecb80000,0x00000000eccb4080,0x00000000ed080000)
  to   space 5120K, 0% used [0x00000000ed080000,0x00000000ed080000,0x00000000ed580000)
 ParOldGen       total 87552K, used 8K [0x00000000c0000000, 0x00000000c5580000, 0x00000000eab00000)
  object space 87552K, 0% used [0x00000000c0000000,0x00000000c0002000,0x00000000c5580000)
 Metaspace       used 3624K, capacity 4720K, committed 4864K, reserved 1060864K
  class space    used 393K, capacity 424K, committed 512K, reserved 1048576K
}
Event: 2.728 GC heap before
{Heap before GC invocations=2 (full 1):
 PSYoungGen      total 38400K, used 1232K [0x00000000eab00000, 0x00000000ed580000, 0x0000000100000000)
  eden space 33280K, 0% used [0x00000000eab00000,0x00000000eab00000,0x00000000ecb80000)
  from space 5120K, 24% used [0x00000000ecb80000,0x00000000eccb4080,0x00000000ed080000)
  to   space 5120K, 0% used [0x00000000ed080000,0x00000000ed080000,0x00000000ed580000)
 ParOldGen       total 87552K, used 8K [0x00000000c0000000, 0x00000000c5580000, 0x00000000eab00000)
  object space 87552K, 0% used [0x00000000c0000000,0x00000000c0002000,0x00000000c5580000)
 Metaspace       used 3624K, capacity 4720K, committed 4864K, reserved 1060864K
  class space    used 393K, capacity 424K, committed 512K, reserved 1048576K
Event: 2.743 GC heap after
Heap after GC invocations=2 (full 1):
 PSYoungGen      total 38400K, used 0K [0x00000000eab00000, 0x00000000ed580000, 0x0000000100000000)
  eden space 33280K, 0% used [0x00000000eab00000,0x00000000eab00000,0x00000000ecb80000)
  from space 5120K, 0% used [0x00000000ecb80000,0x00000000ecb80000,0x00000000ed080000)
  to   space 5120K, 0% used [0x00000000ed080000,0x00000000ed080000,0x00000000ed580000)
 ParOldGen       total 34816K, used 1153K [0x00000000c0000000, 0x00000000c2200000, 0x00000000eab00000)
  object space 34816K, 3% used [0x00000000c0000000,0x00000000c0120568,0x00000000c2200000)
 Metaspace       used 3624K, capacity 4720K, committed 4864K, reserved 1058816K
  class space    used 393K, capacity 424K, committed 512K, reserved 1048576K
}
Event: 6.190 GC heap before
{Heap before GC invocations=3 (full 1):
 PSYoungGen      total 38400K, used 33280K [0x00000000eab00000, 0x00000000ed580000, 0x0000000100000000)
  eden space 33280K, 100% used [0x00000000eab00000,0x00000000ecb80000,0x00000000ecb80000)
  from space 5120K, 0% used [0x00000000ecb80000,0x00000000ecb80000,0x00000000ed080000)
  to   space 5120K, 0% used [0x00000000ed080000,0x00000000ed080000,0x00000000ed580000)
 ParOldGen       total 34816K, used 1153K [0x00000000c0000000, 0x00000000c2200000, 0x00000000eab00000)
  object space 34816K, 3% used [0x00000000c0000000,0x00000000c0120568,0x00000000c2200000)
 Metaspace       used 6105K, capacity 6966K, committed 7040K, reserved 1058816K
  class space    used 607K, capacity 622K, committed 640K, reserved 1048576K
Event: 6.556 GC heap after
Heap after GC invocations=3 (full 1):
 PSYoungGen      total 38400K, used 5112K [0x00000000eab00000, 0x00000000ef300000, 0x0000000100000000)
  eden space 33280K, 0% used [0x00000000eab00000,0x00000000eab00000,0x00000000ecb80000)
  from space 5120K, 99% used [0x00000000ed080000,0x00000000ed57e1a0,0x00000000ed580000)
  to   space 5120K, 0% used [0x00000000ecb80000,0x00000000ecb80000,0x00000000ed080000)
 ParOldGen       total 34816K, used 2755K [0x00000000c0000000, 0x00000000c2200000, 0x00000000eab00000)
  object space 34816K, 7% used [0x00000000c0000000,0x00000000c02b0c60,0x00000000c2200000)
 Metaspace       used 6105K, capacity 6966K, committed 7040K, reserved 1058816K
  class space    used 607K, capacity 622K, committed 640K, reserved 1048576K
}

